# JRE version: OpenJDK Runtime Environment (8.0_242-b01) (build 1.8.0_242-release-1644-b01)
# Java VM: OpenJDK 64-Bit Server VM (25.242-b01 mixed mode windows-amd64 compressed oops)
Heap:
 PSYoungGen      total 499712K, used 407145K [0x00000000d5580000, 0x00000000fc480000, 0x0000000100000000)
  eden space 437248K, 82% used [0x00000000d5580000,0x00000000eb3c95e8,0x00000000f0080000)
  from space 62464K, 77% used [0x00000000f0080000,0x00000000f2fd1088,0x00000000f3d80000)
  to   space 68096K, 0% used [0x00000000f8200000,0x00000000f8200000,0x00000000fc480000)
 ParOldGen       total 261632K, used 134400K [0x0000000080000000, 0x000000008ff80000, 0x00000000d5580000)
  object space 261632K, 51% used [0x0000000080000000,0x00000000883402f8,0x000000008ff80000)
 Metaspace       used 120978K, capacity 127522K, committed 127768K, reserved 1159168K
  class space    used 15791K, capacity 17079K, committed 17192K, reserved 1048576K
GC Heap History (10 events):
Event: 447.673 GC heap before
{Heap before GC invocations=15 (full 3):
 PSYoungGen      total 337920K, used 337894K [0x00000000d5580000, 0x00000000f0600000, 0x0000000100000000)
  eden space 313344K, 100% used [0x00000000d5580000,0x00000000e8780000,0x00000000e8780000)
  from space 24576K, 99% used [0x00000000e8780000,0x00000000e9f79a58,0x00000000e9f80000)
  to   space 30720K, 0% used [0x00000000ee800000,0x00000000ee800000,0x00000000f0600000)
 ParOldGen       total 122880K, used 45905K [0x0000000080000000, 0x0000000087800000, 0x00000000d5580000)
  object space 122880K, 37% used [0x0000000080000000,0x0000000082cd4580,0x0000000087800000)
 Metaspace       used 78105K, capacity 81604K, committed 81688K, reserved 1120256K
  class space    used 10373K, capacity 11047K, committed 11048K, reserved 1048576K
Event: 447.888 GC heap after
Heap after GC invocations=15 (full 3):
 PSYoungGen      total 396800K, used 26821K [0x00000000d5580000, 0x00000000f0280000, 0x0000000100000000)
  eden space 369664K, 0% used [0x00000000d5580000,0x00000000d5580000,0x00000000ebe80000)
  from space 27136K, 98% used [0x00000000ee800000,0x00000000f02314a8,0x00000000f0280000)
  to   space 34304K, 0% used [0x00000000ebf80000,0x00000000ebf80000,0x00000000ee100000)
 ParOldGen       total 122880K, used 63726K [0x0000000080000000, 0x0000000087800000, 0x00000000d5580000)
  object space 122880K, 51% used [0x0000000080000000,0x0000000083e3b8d0,0x0000000087800000)
 Metaspace       used 78105K, capacity 81604K, committed 81688K, reserved 1120256K
  class space    used 10373K, capacity 11047K, committed 11048K, reserved 1048576K
}
Event: 467.583 GC heap before
{Heap before GC invocations=16 (full 3):
 PSYoungGen      total 396800K, used 396485K [0x00000000d5580000, 0x00000000f0280000, 0x0000000100000000)
  eden space 369664K, 100% used [0x00000000d5580000,0x00000000ebe80000,0x00000000ebe80000)
  from space 27136K, 98% used [0x00000000ee800000,0x00000000f02314a8,0x00000000f0280000)
  to   space 34304K, 0% used [0x00000000ebf80000,0x00000000ebf80000,0x00000000ee100000)
 ParOldGen       total 122880K, used 63726K [0x0000000080000000, 0x0000000087800000, 0x00000000d5580000)
  object space 122880K, 51% used [0x0000000080000000,0x0000000083e3b8d0,0x0000000087800000)
 Metaspace       used 87787K, capacity 92304K, committed 92568K, reserved 1128448K
  class space    used 11847K, capacity 12685K, committed 12712K, reserved 1048576K
Event: 467.905 GC heap after
Heap after GC invocations=16 (full 3):
 PSYoungGen      total 404992K, used 34283K [0x00000000d5580000, 0x00000000f7b80000, 0x0000000100000000)
  eden space 370688K, 0% used [0x00000000d5580000,0x00000000d5580000,0x00000000ebf80000)
  from space 34304K, 99% used [0x00000000ebf80000,0x00000000ee0fac30,0x00000000ee100000)
  to   space 62464K, 0% used [0x00000000f3e80000,0x00000000f3e80000,0x00000000f7b80000)
 ParOldGen       total 125952K, used 125746K [0x0000000080000000, 0x0000000087b00000, 0x00000000d5580000)
  object space 125952K, 99% used [0x0000000080000000,0x0000000087acca30,0x0000000087b00000)
 Metaspace       used 87787K, capacity 92304K, committed 92568K, reserved 1128448K
  class space    used 11847K, capacity 12685K, committed 12712K, reserved 1048576K
}
Event: 467.905 GC heap before
{Heap before GC invocations=17 (full 4):
 PSYoungGen      total 404992K, used 34283K [0x00000000d5580000, 0x00000000f7b80000, 0x0000000100000000)
  eden space 370688K, 0% used [0x00000000d5580000,0x00000000d5580000,0x00000000ebf80000)
  from space 34304K, 99% used [0x00000000ebf80000,0x00000000ee0fac30,0x00000000ee100000)
  to   space 62464K, 0% used [0x00000000f3e80000,0x00000000f3e80000,0x00000000f7b80000)
 ParOldGen       total 125952K, used 125746K [0x0000000080000000, 0x0000000087b00000, 0x00000000d5580000)
  object space 125952K, 99% used [0x0000000080000000,0x0000000087acca30,0x0000000087b00000)
 Metaspace       used 87787K, capacity 92304K, committed 92568K, reserved 1128448K
  class space    used 11847K, capacity 12685K, committed 12712K, reserved 1048576K
Event: 470.434 GC heap after
Heap after GC invocations=17 (full 4):
 PSYoungGen      total 404992K, used 12494K [0x00000000d5580000, 0x00000000f7b80000, 0x0000000100000000)
  eden space 370688K, 0% used [0x00000000d5580000,0x00000000d5580000,0x00000000ebf80000)
  from space 34304K, 36% used [0x00000000ebf80000,0x00000000ecbb3b98,0x00000000ee100000)
  to   space 62464K, 0% used [0x00000000f3e80000,0x00000000f3e80000,0x00000000f7b80000)
 ParOldGen       total 261632K, used 121848K [0x0000000080000000, 0x000000008ff80000, 0x00000000d5580000)
  object space 261632K, 46% used [0x0000000080000000,0x00000000876fe290,0x000000008ff80000)
 Metaspace       used 87686K, capacity 92020K, committed 92568K, reserved 1128448K
  class space    used 11813K, capacity 12625K, committed 12712K, reserved 1048576K
}
Event: 802.904 GC heap before
{Heap before GC invocations=18 (full 4):
 PSYoungGen      total 404992K, used 383182K [0x00000000d5580000, 0x00000000f7b80000, 0x0000000100000000)
  eden space 370688K, 100% used [0x00000000d5580000,0x00000000ebf80000,0x00000000ebf80000)
  from space 34304K, 36% used [0x00000000ebf80000,0x00000000ecbb3b98,0x00000000ee100000)
  to   space 62464K, 0% used [0x00000000f3e80000,0x00000000f3e80000,0x00000000f7b80000)
 ParOldGen       total 261632K, used 121848K [0x0000000080000000, 0x000000008ff80000, 0x00000000d5580000)
  object space 261632K, 46% used [0x0000000080000000,0x00000000876fe290,0x000000008ff80000)
 Metaspace       used 100348K, capacity 105662K, committed 105880K, reserved 1140736K
  class space    used 13400K, capacity 14444K, committed 14504K, reserved 1048576K
Event: 803.034 GC heap after
Heap after GC invocations=18 (full 4):
 PSYoungGen      total 498688K, used 33169K [0x00000000d5580000, 0x00000000f7a80000, 0x0000000100000000)
  eden space 437248K, 0% used [0x00000000d5580000,0x00000000d5580000,0x00000000f0080000)
  from space 61440K, 53% used [0x00000000f3e80000,0x00000000f5ee4740,0x00000000f7a80000)
  to   space 62464K, 0% used [0x00000000f0080000,0x00000000f0080000,0x00000000f3d80000)
 ParOldGen       total 261632K, used 134392K [0x0000000080000000, 0x000000008ff80000, 0x00000000d5580000)
  object space 261632K, 51% used [0x0000000080000000,0x000000008833e2f8,0x000000008ff80000)
 Metaspace       used 100348K, capacity 105662K, committed 105880K, reserved 1140736K
  class space    used 13400K, capacity 14444K, committed 14504K, reserved 1048576K
}
Event: 1260.648 GC heap before
{Heap before GC invocations=19 (full 4):
 PSYoungGen      total 498688K, used 470417K [0x00000000d5580000, 0x00000000f7a80000, 0x0000000100000000)
  eden space 437248K, 100% used [0x00000000d5580000,0x00000000f0080000,0x00000000f0080000)
  from space 61440K, 53% used [0x00000000f3e80000,0x00000000f5ee4740,0x00000000f7a80000)
  to   space 62464K, 0% used [0x00000000f0080000,0x00000000f0080000,0x00000000f3d80000)
 ParOldGen       total 261632K, used 134392K [0x0000000080000000, 0x000000008ff80000, 0x00000000d5580000)
  object space 261632K, 51% used [0x0000000080000000,0x000000008833e2f8,0x000000008ff80000)
 Metaspace       used 113638K, capacity 119922K, committed 120216K, reserved 1153024K
  class space    used 14982K, capacity 16196K, committed 16296K, reserved 1048576K
Event: 1260.918 GC heap after
Heap after GC invocations=19 (full 4):
 PSYoungGen      total 499712K, used 48452K [0x00000000d5580000, 0x00000000fc480000, 0x0000000100000000)
  eden space 437248K, 0% used [0x00000000d5580000,0x00000000d5580000,0x00000000f0080000)
  from space 62464K, 77% used [0x00000000f0080000,0x00000000f2fd1088,0x00000000f3d80000)
  to   space 68096K, 0% used [0x00000000f8200000,0x00000000f8200000,0x00000000fc480000)
 ParOldGen       total 261632K, used 134400K [0x0000000080000000, 0x000000008ff80000, 0x00000000d5580000)
  object space 261632K, 51% used [0x0000000080000000,0x00000000883402f8,0x000000008ff80000)
 Metaspace       used 113638K, capacity 119922K, committed 120216K, reserved 1153024K
  class space    used 14982K, capacity 16196K, committed 16296K, reserved 1048576K
}

